NOTE: Picked up JDK_JAVA_OPTIONS:  --add-opens=java.base/java.lang=ALL-UNNAMED --add-opens=java.base/java.io=ALL-UNNAMED --add-opens=java.base/java.util=ALL-UNNAMED --add-opens=java.base/java.util.concurrent=ALL-UNNAMED --add-opens=java.rmi/sun.rmi.transport=ALL-UNNAMED
31-Jul-2025 04:18:22.079 INFO [main] org.apache.catalina.startup.VersionLoggerListener.log Server version name:   Apache Tomcat/9.0.86
31-Jul-2025 04:18:22.083 INFO [main] org.apache.catalina.startup.VersionLoggerListener.log Server built:          Feb 14 2024 08:15:12 UTC
31-Jul-2025 04:18:22.083 INFO [main] org.apache.catalina.startup.VersionLoggerListener.log Server version number: 9.0.86.0
31-Jul-2025 04:18:22.083 INFO [main] org.apache.catalina.startup.VersionLoggerListener.log OS Name:               Linux
31-Jul-2025 04:18:22.083 INFO [main] org.apache.catalina.startup.VersionLoggerListener.log OS Version:            6.1.144-170.251.amzn2023.x86_64
31-Jul-2025 04:18:22.083 INFO [main] org.apache.catalina.startup.VersionLoggerListener.log Architecture:          amd64
31-Jul-2025 04:18:22.083 INFO [main] org.apache.catalina.startup.VersionLoggerListener.log Java Home:             /usr/lib/jvm/java-17-amazon-corretto.x86_64
31-Jul-2025 04:18:22.084 INFO [main] org.apache.catalina.startup.VersionLoggerListener.log JVM Version:           17.0.16+8-LTS
31-Jul-2025 04:18:22.084 INFO [main] org.apache.catalina.startup.VersionLoggerListener.log JVM Vendor:            Amazon.com Inc.
31-Jul-2025 04:18:22.084 INFO [main] org.apache.catalina.startup.VersionLoggerListener.log CATALINA_BASE:         /root/project-1-maven-jenkins-CICD-docker-eks-/tomcat
31-Jul-2025 04:18:22.084 INFO [main] org.apache.catalina.startup.VersionLoggerListener.log CATALINA_HOME:         /root/project-1-maven-jenkins-CICD-docker-eks-/tomcat
31-Jul-2025 04:18:22.096 INFO [main] org.apache.catalina.startup.VersionLoggerListener.log Command line argument: --add-opens=java.base/java.lang=ALL-UNNAMED
31-Jul-2025 04:18:22.096 INFO [main] org.apache.catalina.startup.VersionLoggerListener.log Command line argument: --add-opens=java.base/java.io=ALL-UNNAMED
31-Jul-2025 04:18:22.096 INFO [main] org.apache.catalina.startup.VersionLoggerListener.log Command line argument: --add-opens=java.base/java.util=ALL-UNNAMED
31-Jul-2025 04:18:22.097 INFO [main] org.apache.catalina.startup.VersionLoggerListener.log Command line argument: --add-opens=java.base/java.util.concurrent=ALL-UNNAMED
31-Jul-2025 04:18:22.097 INFO [main] org.apache.catalina.startup.VersionLoggerListener.log Command line argument: --add-opens=java.rmi/sun.rmi.transport=ALL-UNNAMED
31-Jul-2025 04:18:22.097 INFO [main] org.apache.catalina.startup.VersionLoggerListener.log Command line argument: -Djava.util.logging.config.file=/root/project-1-maven-jenkins-CICD-docker-eks-/tomcat/conf/logging.properties
31-Jul-2025 04:18:22.097 INFO [main] org.apache.catalina.startup.VersionLoggerListener.log Command line argument: -Djava.util.logging.manager=org.apache.juli.ClassLoaderLogManager
31-Jul-2025 04:18:22.097 INFO [main] org.apache.catalina.startup.VersionLoggerListener.log Command line argument: -Djdk.tls.ephemeralDHKeySize=2048
31-Jul-2025 04:18:22.097 INFO [main] org.apache.catalina.startup.VersionLoggerListener.log Command line argument: -Djava.protocol.handler.pkgs=org.apache.catalina.webresources
31-Jul-2025 04:18:22.097 INFO [main] org.apache.catalina.startup.VersionLoggerListener.log Command line argument: -Dorg.apache.catalina.security.SecurityListener.UMASK=0027
31-Jul-2025 04:18:22.097 INFO [main] org.apache.catalina.startup.VersionLoggerListener.log Command line argument: -Dignore.endorsed.dirs=
31-Jul-2025 04:18:22.097 INFO [main] org.apache.catalina.startup.VersionLoggerListener.log Command line argument: -Dcatalina.base=/root/project-1-maven-jenkins-CICD-docker-eks-/tomcat
31-Jul-2025 04:18:22.097 INFO [main] org.apache.catalina.startup.VersionLoggerListener.log Command line argument: -Dcatalina.home=/root/project-1-maven-jenkins-CICD-docker-eks-/tomcat
31-Jul-2025 04:18:22.098 INFO [main] org.apache.catalina.startup.VersionLoggerListener.log Command line argument: -Djava.io.tmpdir=/root/project-1-maven-jenkins-CICD-docker-eks-/tomcat/temp
31-Jul-2025 04:18:22.099 INFO [main] org.apache.catalina.core.AprLifecycleListener.lifecycleEvent The Apache Tomcat Native library which allows using OpenSSL was not found on the java.library.path: [/usr/java/packages/lib:/usr/lib64:/lib64:/lib:/usr/lib]
31-Jul-2025 04:18:22.488 INFO [main] org.apache.coyote.AbstractProtocol.init Initializing ProtocolHandler ["http-nio-8081"]
31-Jul-2025 04:18:22.522 INFO [main] org.apache.catalina.startup.Catalina.load Server initialization in [686] milliseconds
31-Jul-2025 04:18:22.561 INFO [main] org.apache.catalina.core.StandardService.startInternal Starting service [Catalina]
31-Jul-2025 04:18:22.562 INFO [main] org.apache.catalina.core.StandardEngine.startInternal Starting Servlet engine: [Apache Tomcat/9.0.86]
31-Jul-2025 04:18:22.572 INFO [main] org.apache.catalina.startup.HostConfig.deployDirectory Deploying web application directory [/root/project-1-maven-jenkins-CICD-docker-eks-/tomcat/webapps/ROOT]
31-Jul-2025 04:18:22.858 INFO [main] org.apache.catalina.startup.HostConfig.deployDirectory Deployment of web application directory [/root/project-1-maven-jenkins-CICD-docker-eks-/tomcat/webapps/ROOT] has finished in [285] ms
31-Jul-2025 04:18:22.858 INFO [main] org.apache.catalina.startup.HostConfig.deployDirectory Deploying web application directory [/root/project-1-maven-jenkins-CICD-docker-eks-/tomcat/webapps/docs]
31-Jul-2025 04:18:22.903 INFO [main] org.apache.catalina.startup.HostConfig.deployDirectory Deployment of web application directory [/root/project-1-maven-jenkins-CICD-docker-eks-/tomcat/webapps/docs] has finished in [45] ms
31-Jul-2025 04:18:22.904 INFO [main] org.apache.catalina.startup.HostConfig.deployDirectory Deploying web application directory [/root/project-1-maven-jenkins-CICD-docker-eks-/tomcat/webapps/examples]
31-Jul-2025 04:18:23.168 INFO [main] org.apache.catalina.startup.HostConfig.deployDirectory Deployment of web application directory [/root/project-1-maven-jenkins-CICD-docker-eks-/tomcat/webapps/examples] has finished in [265] ms
31-Jul-2025 04:18:23.168 INFO [main] org.apache.catalina.startup.HostConfig.deployDirectory Deploying web application directory [/root/project-1-maven-jenkins-CICD-docker-eks-/tomcat/webapps/host-manager]
31-Jul-2025 04:18:23.193 INFO [main] org.apache.catalina.startup.HostConfig.deployDirectory Deployment of web application directory [/root/project-1-maven-jenkins-CICD-docker-eks-/tomcat/webapps/host-manager] has finished in [25] ms
31-Jul-2025 04:18:23.194 INFO [main] org.apache.catalina.startup.HostConfig.deployDirectory Deploying web application directory [/root/project-1-maven-jenkins-CICD-docker-eks-/tomcat/webapps/manager]
31-Jul-2025 04:18:23.230 INFO [main] org.apache.catalina.startup.HostConfig.deployDirectory Deployment of web application directory [/root/project-1-maven-jenkins-CICD-docker-eks-/tomcat/webapps/manager] has finished in [36] ms
31-Jul-2025 04:18:23.238 INFO [main] org.apache.coyote.AbstractProtocol.start Starting ProtocolHandler ["http-nio-8081"]
31-Jul-2025 04:18:23.249 INFO [main] org.apache.catalina.startup.Catalina.start Server startup in [726] milliseconds
31-Jul-2025 04:19:43.253 INFO [Catalina-utility-1] org.apache.catalina.startup.HostConfig.undeploy Undeploying context []
31-Jul-2025 04:19:43.263 INFO [Catalina-utility-1] org.apache.catalina.startup.HostConfig.undeploy Undeploying context [/examples]
31-Jul-2025 04:19:43.267 INFO [Catalina-utility-1] org.apache.catalina.startup.HostConfig.undeploy Undeploying context [/host-manager]
31-Jul-2025 04:19:43.270 INFO [Catalina-utility-1] org.apache.catalina.startup.HostConfig.undeploy Undeploying context [/manager]
31-Jul-2025 04:19:43.273 INFO [Catalina-utility-1] org.apache.catalina.startup.HostConfig.undeploy Undeploying context [/docs]
31-Jul-2025 04:19:43.276 INFO [Catalina-utility-1] org.apache.catalina.startup.HostConfig.deployDirectory Deploying web application directory [/root/project-1-maven-jenkins-CICD-docker-eks-/tomcat/webapps/ROOT]
31-Jul-2025 04:19:43.299 INFO [Catalina-utility-1] org.apache.catalina.startup.HostConfig.deployDirectory Deployment of web application directory [/root/project-1-maven-jenkins-CICD-docker-eks-/tomcat/webapps/ROOT] has finished in [23] ms
31-Jul-2025 04:19:43.300 INFO [Catalina-utility-1] org.apache.catalina.startup.HostConfig.deployDirectory Deploying web application directory [/root/project-1-maven-jenkins-CICD-docker-eks-/tomcat/webapps/docs]
31-Jul-2025 04:19:43.326 INFO [Catalina-utility-1] org.apache.catalina.startup.HostConfig.deployDirectory Deployment of web application directory [/root/project-1-maven-jenkins-CICD-docker-eks-/tomcat/webapps/docs] has finished in [25] ms
31-Jul-2025 04:19:43.326 INFO [Catalina-utility-1] org.apache.catalina.startup.HostConfig.deployDirectory Deploying web application directory [/root/project-1-maven-jenkins-CICD-docker-eks-/tomcat/webapps/examples]
31-Jul-2025 04:19:43.477 INFO [Catalina-utility-1] org.apache.catalina.startup.HostConfig.deployDirectory Deployment of web application directory [/root/project-1-maven-jenkins-CICD-docker-eks-/tomcat/webapps/examples] has finished in [151] ms
31-Jul-2025 04:19:43.478 INFO [Catalina-utility-1] org.apache.catalina.startup.HostConfig.deployDirectory Deploying web application directory [/root/project-1-maven-jenkins-CICD-docker-eks-/tomcat/webapps/host-manager]
31-Jul-2025 04:19:43.497 INFO [Catalina-utility-1] org.apache.catalina.startup.HostConfig.deployDirectory Deployment of web application directory [/root/project-1-maven-jenkins-CICD-docker-eks-/tomcat/webapps/host-manager] has finished in [19] ms
31-Jul-2025 04:19:43.497 INFO [Catalina-utility-1] org.apache.catalina.startup.HostConfig.deployDirectory Deploying web application directory [/root/project-1-maven-jenkins-CICD-docker-eks-/tomcat/webapps/manager]
31-Jul-2025 04:19:43.527 INFO [Catalina-utility-1] org.apache.catalina.startup.HostConfig.deployDirectory Deployment of web application directory [/root/project-1-maven-jenkins-CICD-docker-eks-/tomcat/webapps/manager] has finished in [30] ms
31-Jul-2025 04:27:33.582 INFO [Catalina-utility-1] org.apache.catalina.startup.HostConfig.undeploy Undeploying context [/host-manager]
31-Jul-2025 04:27:33.586 INFO [Catalina-utility-1] org.apache.catalina.startup.HostConfig.deployDirectory Deploying web application directory [/root/project-1-maven-jenkins-CICD-docker-eks-/tomcat/webapps/host-manager]
31-Jul-2025 04:27:33.599 INFO [Catalina-utility-1] org.apache.catalina.startup.HostConfig.deployDirectory Deployment of web application directory [/root/project-1-maven-jenkins-CICD-docker-eks-/tomcat/webapps/host-manager] has finished in [13] ms
31-Jul-2025 04:30:13.615 INFO [Catalina-utility-2] org.apache.catalina.startup.HostConfig.undeploy Undeploying context [/manager]
31-Jul-2025 04:30:13.623 INFO [Catalina-utility-2] org.apache.catalina.startup.HostConfig.deployDirectory Deploying web application directory [/root/project-1-maven-jenkins-CICD-docker-eks-/tomcat/webapps/manager]
31-Jul-2025 04:30:13.643 INFO [Catalina-utility-2] org.apache.catalina.startup.HostConfig.deployDirectory Deployment of web application directory [/root/project-1-maven-jenkins-CICD-docker-eks-/tomcat/webapps/manager] has finished in [20] ms
31-Jul-2025 04:32:33.657 INFO [Catalina-utility-1] org.apache.catalina.users.MemoryUserDatabase.backgroundProcess Reloading memory user database [UserDatabase] from updated source [file:/root/project-1-maven-jenkins-CICD-docker-eks-/tomcat/conf/tomcat-users.xml]
31-Jul-2025 04:33:53.668 INFO [Catalina-utility-2] org.apache.catalina.users.MemoryUserDatabase.backgroundProcess Reloading memory user database [UserDatabase] from updated source [file:/root/project-1-maven-jenkins-CICD-docker-eks-/tomcat/conf/tomcat-users.xml]
31-Jul-2025 04:59:03.815 INFO [Catalina-utility-1] org.apache.catalina.startup.HostConfig.deployWAR Deploying web application archive [/root/project-1-maven-jenkins-CICD-docker-eks-/tomcat/webapps/webapp.war]
31-Jul-2025 04:59:03.840 INFO [Catalina-utility-1] org.apache.catalina.startup.HostConfig.deployWAR Deployment of web application archive [/root/project-1-maven-jenkins-CICD-docker-eks-/tomcat/webapps/webapp.war] has finished in [24] ms
31-Jul-2025 05:21:37.665 INFO [main] org.apache.catalina.core.StandardServer.await A valid shutdown command was received via the shutdown port. Stopping the Server instance.
31-Jul-2025 05:21:37.666 INFO [main] org.apache.coyote.AbstractProtocol.pause Pausing ProtocolHandler ["http-nio-8081"]
31-Jul-2025 05:21:37.668 INFO [main] org.apache.catalina.core.StandardService.stopInternal Stopping service [Catalina]
31-Jul-2025 05:21:37.701 INFO [main] org.apache.coyote.AbstractProtocol.stop Stopping ProtocolHandler ["http-nio-8081"]
31-Jul-2025 05:21:37.712 INFO [main] org.apache.coyote.AbstractProtocol.destroy Destroying ProtocolHandler ["http-nio-8081"]
NOTE: Picked up JDK_JAVA_OPTIONS:  --add-opens=java.base/java.lang=ALL-UNNAMED --add-opens=java.base/java.io=ALL-UNNAMED --add-opens=java.base/java.util=ALL-UNNAMED --add-opens=java.base/java.util.concurrent=ALL-UNNAMED --add-opens=java.rmi/sun.rmi.transport=ALL-UNNAMED
31-Jul-2025 05:21:38.233 INFO [main] org.apache.catalina.startup.VersionLoggerListener.log Server version name:   Apache Tomcat/9.0.86
31-Jul-2025 05:21:38.237 INFO [main] org.apache.catalina.startup.VersionLoggerListener.log Server built:          Feb 14 2024 08:15:12 UTC
31-Jul-2025 05:21:38.237 INFO [main] org.apache.catalina.startup.VersionLoggerListener.log Server version number: 9.0.86.0
31-Jul-2025 05:21:38.237 INFO [main] org.apache.catalina.startup.VersionLoggerListener.log OS Name:               Linux
31-Jul-2025 05:21:38.237 INFO [main] org.apache.catalina.startup.VersionLoggerListener.log OS Version:            6.1.144-170.251.amzn2023.x86_64
31-Jul-2025 05:21:38.237 INFO [main] org.apache.catalina.startup.VersionLoggerListener.log Architecture:          amd64
31-Jul-2025 05:21:38.237 INFO [main] org.apache.catalina.startup.VersionLoggerListener.log Java Home:             /usr/lib/jvm/java-17-amazon-corretto.x86_64
31-Jul-2025 05:21:38.238 INFO [main] org.apache.catalina.startup.VersionLoggerListener.log JVM Version:           17.0.16+8-LTS
31-Jul-2025 05:21:38.238 INFO [main] org.apache.catalina.startup.VersionLoggerListener.log JVM Vendor:            Amazon.com Inc.
31-Jul-2025 05:21:38.238 INFO [main] org.apache.catalina.startup.VersionLoggerListener.log CATALINA_BASE:         /root/project-1-maven-jenkins-CICD-docker-eks-/tomcat
31-Jul-2025 05:21:38.238 INFO [main] org.apache.catalina.startup.VersionLoggerListener.log CATALINA_HOME:         /root/project-1-maven-jenkins-CICD-docker-eks-/tomcat
31-Jul-2025 05:21:38.253 INFO [main] org.apache.catalina.startup.VersionLoggerListener.log Command line argument: --add-opens=java.base/java.lang=ALL-UNNAMED
31-Jul-2025 05:21:38.253 INFO [main] org.apache.catalina.startup.VersionLoggerListener.log Command line argument: --add-opens=java.base/java.io=ALL-UNNAMED
31-Jul-2025 05:21:38.254 INFO [main] org.apache.catalina.startup.VersionLoggerListener.log Command line argument: --add-opens=java.base/java.util=ALL-UNNAMED
31-Jul-2025 05:21:38.254 INFO [main] org.apache.catalina.startup.VersionLoggerListener.log Command line argument: --add-opens=java.base/java.util.concurrent=ALL-UNNAMED
31-Jul-2025 05:21:38.255 INFO [main] org.apache.catalina.startup.VersionLoggerListener.log Command line argument: --add-opens=java.rmi/sun.rmi.transport=ALL-UNNAMED
31-Jul-2025 05:21:38.255 INFO [main] org.apache.catalina.startup.VersionLoggerListener.log Command line argument: -Djava.util.logging.config.file=/root/project-1-maven-jenkins-CICD-docker-eks-/tomcat/conf/logging.properties
31-Jul-2025 05:21:38.256 INFO [main] org.apache.catalina.startup.VersionLoggerListener.log Command line argument: -Djava.util.logging.manager=org.apache.juli.ClassLoaderLogManager
31-Jul-2025 05:21:38.256 INFO [main] org.apache.catalina.startup.VersionLoggerListener.log Command line argument: -Djdk.tls.ephemeralDHKeySize=2048
31-Jul-2025 05:21:38.257 INFO [main] org.apache.catalina.startup.VersionLoggerListener.log Command line argument: -Djava.protocol.handler.pkgs=org.apache.catalina.webresources
31-Jul-2025 05:21:38.257 INFO [main] org.apache.catalina.startup.VersionLoggerListener.log Command line argument: -Dorg.apache.catalina.security.SecurityListener.UMASK=0027
31-Jul-2025 05:21:38.258 INFO [main] org.apache.catalina.startup.VersionLoggerListener.log Command line argument: -Dignore.endorsed.dirs=
31-Jul-2025 05:21:38.258 INFO [main] org.apache.catalina.startup.VersionLoggerListener.log Command line argument: -Dcatalina.base=/root/project-1-maven-jenkins-CICD-docker-eks-/tomcat
31-Jul-2025 05:21:38.258 INFO [main] org.apache.catalina.startup.VersionLoggerListener.log Command line argument: -Dcatalina.home=/root/project-1-maven-jenkins-CICD-docker-eks-/tomcat
31-Jul-2025 05:21:38.258 INFO [main] org.apache.catalina.startup.VersionLoggerListener.log Command line argument: -Djava.io.tmpdir=/root/project-1-maven-jenkins-CICD-docker-eks-/tomcat/temp
31-Jul-2025 05:21:38.260 INFO [main] org.apache.catalina.core.AprLifecycleListener.lifecycleEvent The Apache Tomcat Native library which allows using OpenSSL was not found on the java.library.path: [/usr/java/packages/lib:/usr/lib64:/lib64:/lib:/usr/lib]
31-Jul-2025 05:21:38.639 INFO [main] org.apache.coyote.AbstractProtocol.init Initializing ProtocolHandler ["http-nio-8081"]
31-Jul-2025 05:21:38.676 INFO [main] org.apache.catalina.startup.Catalina.load Server initialization in [681] milliseconds
31-Jul-2025 05:21:38.735 INFO [main] org.apache.catalina.core.StandardService.startInternal Starting service [Catalina]
31-Jul-2025 05:21:38.735 INFO [main] org.apache.catalina.core.StandardEngine.startInternal Starting Servlet engine: [Apache Tomcat/9.0.86]
31-Jul-2025 05:21:38.753 INFO [main] org.apache.catalina.startup.HostConfig.deployWAR Deploying web application archive [/root/project-1-maven-jenkins-CICD-docker-eks-/tomcat/webapps/webapp.war]
31-Jul-2025 05:21:39.105 INFO [main] org.apache.catalina.startup.HostConfig.deployWAR Deployment of web application archive [/root/project-1-maven-jenkins-CICD-docker-eks-/tomcat/webapps/webapp.war] has finished in [351] ms
31-Jul-2025 05:21:39.106 INFO [main] org.apache.catalina.startup.HostConfig.deployDirectory Deploying web application directory [/root/project-1-maven-jenkins-CICD-docker-eks-/tomcat/webapps/ROOT]
31-Jul-2025 05:21:39.144 INFO [main] org.apache.catalina.startup.HostConfig.deployDirectory Deployment of web application directory [/root/project-1-maven-jenkins-CICD-docker-eks-/tomcat/webapps/ROOT] has finished in [38] ms
31-Jul-2025 05:21:39.145 INFO [main] org.apache.catalina.startup.HostConfig.deployDirectory Deploying web application directory [/root/project-1-maven-jenkins-CICD-docker-eks-/tomcat/webapps/docs]
31-Jul-2025 05:21:39.164 INFO [main] org.apache.catalina.startup.HostConfig.deployDirectory Deployment of web application directory [/root/project-1-maven-jenkins-CICD-docker-eks-/tomcat/webapps/docs] has finished in [20] ms
31-Jul-2025 05:21:39.164 INFO [main] org.apache.catalina.startup.HostConfig.deployDirectory Deploying web application directory [/root/project-1-maven-jenkins-CICD-docker-eks-/tomcat/webapps/examples]
31-Jul-2025 05:21:39.471 INFO [main] org.apache.catalina.startup.HostConfig.deployDirectory Deployment of web application directory [/root/project-1-maven-jenkins-CICD-docker-eks-/tomcat/webapps/examples] has finished in [306] ms
31-Jul-2025 05:21:39.471 INFO [main] org.apache.catalina.startup.HostConfig.deployDirectory Deploying web application directory [/root/project-1-maven-jenkins-CICD-docker-eks-/tomcat/webapps/host-manager]
31-Jul-2025 05:21:39.503 INFO [main] org.apache.catalina.startup.HostConfig.deployDirectory Deployment of web application directory [/root/project-1-maven-jenkins-CICD-docker-eks-/tomcat/webapps/host-manager] has finished in [32] ms
31-Jul-2025 05:21:39.503 INFO [main] org.apache.catalina.startup.HostConfig.deployDirectory Deploying web application directory [/root/project-1-maven-jenkins-CICD-docker-eks-/tomcat/webapps/manager]
31-Jul-2025 05:21:39.534 INFO [main] org.apache.catalina.startup.HostConfig.deployDirectory Deployment of web application directory [/root/project-1-maven-jenkins-CICD-docker-eks-/tomcat/webapps/manager] has finished in [31] ms
31-Jul-2025 05:21:39.537 INFO [main] org.apache.coyote.AbstractProtocol.start Starting ProtocolHandler ["http-nio-8081"]
31-Jul-2025 05:21:39.548 INFO [main] org.apache.catalina.startup.Catalina.start Server startup in [871] milliseconds
31-Jul-2025 05:26:59.587 INFO [Catalina-utility-1] org.apache.catalina.startup.HostConfig.undeploy Undeploying context [/webapp]
31-Jul-2025 05:26:59.599 INFO [Catalina-utility-1] org.apache.catalina.startup.HostConfig.deployWAR Deploying web application archive [/root/project-1-maven-jenkins-CICD-docker-eks-/tomcat/webapps/webapp.war]
31-Jul-2025 05:26:59.627 INFO [Catalina-utility-1] org.apache.catalina.startup.HostConfig.deployWAR Deployment of web application archive [/root/project-1-maven-jenkins-CICD-docker-eks-/tomcat/webapps/webapp.war] has finished in [27] ms
31-Jul-2025 05:27:47.685 INFO [main] org.apache.catalina.core.StandardServer.await A valid shutdown command was received via the shutdown port. Stopping the Server instance.
31-Jul-2025 05:27:47.686 INFO [main] org.apache.coyote.AbstractProtocol.pause Pausing ProtocolHandler ["http-nio-8081"]
31-Jul-2025 05:27:47.690 INFO [main] org.apache.catalina.core.StandardService.stopInternal Stopping service [Catalina]
31-Jul-2025 05:27:47.728 INFO [main] org.apache.coyote.AbstractProtocol.stop Stopping ProtocolHandler ["http-nio-8081"]
31-Jul-2025 05:27:47.737 INFO [main] org.apache.coyote.AbstractProtocol.destroy Destroying ProtocolHandler ["http-nio-8081"]
NOTE: Picked up JDK_JAVA_OPTIONS:  --add-opens=java.base/java.lang=ALL-UNNAMED --add-opens=java.base/java.io=ALL-UNNAMED --add-opens=java.base/java.util=ALL-UNNAMED --add-opens=java.base/java.util.concurrent=ALL-UNNAMED --add-opens=java.rmi/sun.rmi.transport=ALL-UNNAMED
31-Jul-2025 05:27:48.190 INFO [main] org.apache.catalina.startup.VersionLoggerListener.log Server version name:   Apache Tomcat/9.0.86
31-Jul-2025 05:27:48.193 INFO [main] org.apache.catalina.startup.VersionLoggerListener.log Server built:          Feb 14 2024 08:15:12 UTC
31-Jul-2025 05:27:48.193 INFO [main] org.apache.catalina.startup.VersionLoggerListener.log Server version number: 9.0.86.0
31-Jul-2025 05:27:48.194 INFO [main] org.apache.catalina.startup.VersionLoggerListener.log OS Name:               Linux
31-Jul-2025 05:27:48.194 INFO [main] org.apache.catalina.startup.VersionLoggerListener.log OS Version:            6.1.144-170.251.amzn2023.x86_64
31-Jul-2025 05:27:48.194 INFO [main] org.apache.catalina.startup.VersionLoggerListener.log Architecture:          amd64
31-Jul-2025 05:27:48.194 INFO [main] org.apache.catalina.startup.VersionLoggerListener.log Java Home:             /usr/lib/jvm/java-17-amazon-corretto.x86_64
31-Jul-2025 05:27:48.194 INFO [main] org.apache.catalina.startup.VersionLoggerListener.log JVM Version:           17.0.16+8-LTS
31-Jul-2025 05:27:48.194 INFO [main] org.apache.catalina.startup.VersionLoggerListener.log JVM Vendor:            Amazon.com Inc.
31-Jul-2025 05:27:48.194 INFO [main] org.apache.catalina.startup.VersionLoggerListener.log CATALINA_BASE:         /root/project-1-maven-jenkins-CICD-docker-eks-/tomcat
31-Jul-2025 05:27:48.194 INFO [main] org.apache.catalina.startup.VersionLoggerListener.log CATALINA_HOME:         /root/project-1-maven-jenkins-CICD-docker-eks-/tomcat
31-Jul-2025 05:27:48.208 INFO [main] org.apache.catalina.startup.VersionLoggerListener.log Command line argument: --add-opens=java.base/java.lang=ALL-UNNAMED
31-Jul-2025 05:27:48.209 INFO [main] org.apache.catalina.startup.VersionLoggerListener.log Command line argument: --add-opens=java.base/java.io=ALL-UNNAMED
31-Jul-2025 05:27:48.209 INFO [main] org.apache.catalina.startup.VersionLoggerListener.log Command line argument: --add-opens=java.base/java.util=ALL-UNNAMED
31-Jul-2025 05:27:48.209 INFO [main] org.apache.catalina.startup.VersionLoggerListener.log Command line argument: --add-opens=java.base/java.util.concurrent=ALL-UNNAMED
31-Jul-2025 05:27:48.209 INFO [main] org.apache.catalina.startup.VersionLoggerListener.log Command line argument: --add-opens=java.rmi/sun.rmi.transport=ALL-UNNAMED
31-Jul-2025 05:27:48.209 INFO [main] org.apache.catalina.startup.VersionLoggerListener.log Command line argument: -Djava.util.logging.config.file=/root/project-1-maven-jenkins-CICD-docker-eks-/tomcat/conf/logging.properties
31-Jul-2025 05:27:48.209 INFO [main] org.apache.catalina.startup.VersionLoggerListener.log Command line argument: -Djava.util.logging.manager=org.apache.juli.ClassLoaderLogManager
31-Jul-2025 05:27:48.209 INFO [main] org.apache.catalina.startup.VersionLoggerListener.log Command line argument: -Djdk.tls.ephemeralDHKeySize=2048
31-Jul-2025 05:27:48.209 INFO [main] org.apache.catalina.startup.VersionLoggerListener.log Command line argument: -Djava.protocol.handler.pkgs=org.apache.catalina.webresources
31-Jul-2025 05:27:48.210 INFO [main] org.apache.catalina.startup.VersionLoggerListener.log Command line argument: -Dorg.apache.catalina.security.SecurityListener.UMASK=0027
31-Jul-2025 05:27:48.210 INFO [main] org.apache.catalina.startup.VersionLoggerListener.log Command line argument: -Dignore.endorsed.dirs=
31-Jul-2025 05:27:48.210 INFO [main] org.apache.catalina.startup.VersionLoggerListener.log Command line argument: -Dcatalina.base=/root/project-1-maven-jenkins-CICD-docker-eks-/tomcat
31-Jul-2025 05:27:48.210 INFO [main] org.apache.catalina.startup.VersionLoggerListener.log Command line argument: -Dcatalina.home=/root/project-1-maven-jenkins-CICD-docker-eks-/tomcat
31-Jul-2025 05:27:48.210 INFO [main] org.apache.catalina.startup.VersionLoggerListener.log Command line argument: -Djava.io.tmpdir=/root/project-1-maven-jenkins-CICD-docker-eks-/tomcat/temp
31-Jul-2025 05:27:48.211 INFO [main] org.apache.catalina.core.AprLifecycleListener.lifecycleEvent The Apache Tomcat Native library which allows using OpenSSL was not found on the java.library.path: [/usr/java/packages/lib:/usr/lib64:/lib64:/lib:/usr/lib]
31-Jul-2025 05:27:48.624 INFO [main] org.apache.coyote.AbstractProtocol.init Initializing ProtocolHandler ["http-nio-8081"]
31-Jul-2025 05:27:48.662 INFO [main] org.apache.catalina.startup.Catalina.load Server initialization in [697] milliseconds
31-Jul-2025 05:27:48.719 INFO [main] org.apache.catalina.core.StandardService.startInternal Starting service [Catalina]
31-Jul-2025 05:27:48.719 INFO [main] org.apache.catalina.core.StandardEngine.startInternal Starting Servlet engine: [Apache Tomcat/9.0.86]
31-Jul-2025 05:27:48.732 INFO [main] org.apache.catalina.startup.HostConfig.deployWAR Deploying web application archive [/root/project-1-maven-jenkins-CICD-docker-eks-/tomcat/webapps/webapp.war]
31-Jul-2025 05:27:49.041 INFO [main] org.apache.catalina.startup.HostConfig.deployWAR Deployment of web application archive [/root/project-1-maven-jenkins-CICD-docker-eks-/tomcat/webapps/webapp.war] has finished in [308] ms
31-Jul-2025 05:27:49.041 INFO [main] org.apache.catalina.startup.HostConfig.deployDirectory Deploying web application directory [/root/project-1-maven-jenkins-CICD-docker-eks-/tomcat/webapps/ROOT]
31-Jul-2025 05:27:49.063 INFO [main] org.apache.catalina.startup.HostConfig.deployDirectory Deployment of web application directory [/root/project-1-maven-jenkins-CICD-docker-eks-/tomcat/webapps/ROOT] has finished in [22] ms
31-Jul-2025 05:27:49.066 INFO [main] org.apache.catalina.startup.HostConfig.deployDirectory Deploying web application directory [/root/project-1-maven-jenkins-CICD-docker-eks-/tomcat/webapps/docs]
31-Jul-2025 05:27:49.100 INFO [main] org.apache.catalina.startup.HostConfig.deployDirectory Deployment of web application directory [/root/project-1-maven-jenkins-CICD-docker-eks-/tomcat/webapps/docs] has finished in [34] ms
31-Jul-2025 05:27:49.101 INFO [main] org.apache.catalina.startup.HostConfig.deployDirectory Deploying web application directory [/root/project-1-maven-jenkins-CICD-docker-eks-/tomcat/webapps/examples]
31-Jul-2025 05:27:49.391 INFO [main] org.apache.catalina.startup.HostConfig.deployDirectory Deployment of web application directory [/root/project-1-maven-jenkins-CICD-docker-eks-/tomcat/webapps/examples] has finished in [290] ms
31-Jul-2025 05:27:49.391 INFO [main] org.apache.catalina.startup.HostConfig.deployDirectory Deploying web application directory [/root/project-1-maven-jenkins-CICD-docker-eks-/tomcat/webapps/host-manager]
31-Jul-2025 05:27:49.424 INFO [main] org.apache.catalina.startup.HostConfig.deployDirectory Deployment of web application directory [/root/project-1-maven-jenkins-CICD-docker-eks-/tomcat/webapps/host-manager] has finished in [33] ms
31-Jul-2025 05:27:49.424 INFO [main] org.apache.catalina.startup.HostConfig.deployDirectory Deploying web application directory [/root/project-1-maven-jenkins-CICD-docker-eks-/tomcat/webapps/manager]
31-Jul-2025 05:27:49.472 INFO [main] org.apache.catalina.startup.HostConfig.deployDirectory Deployment of web application directory [/root/project-1-maven-jenkins-CICD-docker-eks-/tomcat/webapps/manager] has finished in [47] ms
31-Jul-2025 05:27:49.476 INFO [main] org.apache.coyote.AbstractProtocol.start Starting ProtocolHandler ["http-nio-8081"]
31-Jul-2025 05:27:49.486 INFO [main] org.apache.catalina.startup.Catalina.start Server startup in [823] milliseconds
